Flow report for transmult
Wed Dec 07 12:13:38 2016
Quartus II Version 9.1 Build 304 01/25/2010 Service Pack 1 SJ Web Edition


---------------------
; Table of Contents ;
---------------------
  1. Legal Notice
  2. Flow Summary
  3. Flow Settings
  4. Flow Non-Default Global Settings
  5. Flow Elapsed Time
  6. Flow OS Summary
  7. Flow Log



----------------
; Legal Notice ;
----------------
Copyright (C) 1991-2010 Altera Corporation
Your use of Altera Corporation's design tools, logic functions 
and other software and tools, and its AMPP partner logic 
functions, and any output files from any of the foregoing 
(including device programming or simulation files), and any 
associated documentation or information are expressly subject 
to the terms and conditions of the Altera Program License 
Subscription Agreement, Altera MegaCore Function License 
Agreement, or other applicable license agreement, including, 
without limitation, that your use is for the sole purpose of 
programming logic devices manufactured by Altera and sold by 
Altera or its authorized distributors.  Please refer to the 
applicable agreement for further details.



+------------------------------------------------------------------------+
; Flow Summary                                                           ;
+-------------------------+----------------------------------------------+
; Flow Status             ; Successful - Wed Dec 07 12:13:38 2016        ;
; Quartus II Version      ; 9.1 Build 304 01/25/2010 SP 1 SJ Web Edition ;
; Revision Name           ; transmult                                    ;
; Top-level Entity Name   ; transmult                                    ;
; Family                  ; Cyclone                                      ;
; Device                  ; EP1C3T100A8                                  ;
; Timing Models           ; Final                                        ;
; Met timing requirements ; Yes                                          ;
; Total logic elements    ; 347 / 2,910 ( 12 % )                         ;
; Total pins              ; 58 / 65 ( 89 % )                             ;
; Total virtual pins      ; 0                                            ;
; Total memory bits       ; 0 / 59,904 ( 0 % )                           ;
; Total PLLs              ; 0 / 1 ( 0 % )                                ;
+-------------------------+----------------------------------------------+


+-----------------------------------------+
; Flow Settings                           ;
+-------------------+---------------------+
; Option            ; Setting             ;
+-------------------+---------------------+
; Start date & time ; 12/07/2016 12:13:28 ;
; Main task         ; Compilation         ;
; Revision Name     ; transmult           ;
+-------------------+---------------------+


+--------------------------------------------------------------------------------------------------------------------+
; Flow Non-Default Global Settings                                                                                   ;
+------------------------------------+--------------------------------+---------------+-------------+----------------+
; Assignment Name                    ; Value                          ; Default Value ; Entity Name ; Section Id     ;
+------------------------------------+--------------------------------+---------------+-------------+----------------+
; COMPILER_SIGNATURE_ID              ; 10995770589191.148113440863348 ; --            ; --          ; --             ;
; IP_TOOL_NAME                       ; LPM_MULT                       ; --            ; --          ; --             ;
; IP_TOOL_NAME                       ; LPM_FF                         ; --            ; --          ; --             ;
; IP_TOOL_NAME                       ; LPM_ADD_SUB                    ; --            ; --          ; --             ;
; IP_TOOL_NAME                       ; LPM_MUX                        ; --            ; --          ; --             ;
; IP_TOOL_NAME                       ; LPM_MULT                       ; --            ; --          ; --             ;
; IP_TOOL_VERSION                    ; 9.1                            ; --            ; --          ; --             ;
; IP_TOOL_VERSION                    ; 9.1                            ; --            ; --          ; --             ;
; IP_TOOL_VERSION                    ; 9.1                            ; --            ; --          ; --             ;
; IP_TOOL_VERSION                    ; 9.1                            ; --            ; --          ; --             ;
; IP_TOOL_VERSION                    ; 9.1                            ; --            ; --          ; --             ;
; MAX_CORE_JUNCTION_TEMP             ; 125                            ; --            ; --          ; --             ;
; MIN_CORE_JUNCTION_TEMP             ; -40                            ; --            ; --          ; --             ;
; MISC_FILE                          ; mult1.bsf                      ; --            ; --          ; --             ;
; MISC_FILE                          ; mult1_bb.v                     ; --            ; --          ; --             ;
; MISC_FILE                          ; dff1.bsf                       ; --            ; --          ; --             ;
; MISC_FILE                          ; dff1_bb.v                      ; --            ; --          ; --             ;
; MISC_FILE                          ; adder1.bsf                     ; --            ; --          ; --             ;
; MISC_FILE                          ; adder1_bb.v                    ; --            ; --          ; --             ;
; MISC_FILE                          ; REG_MUX.bsf                    ; --            ; --          ; --             ;
; MISC_FILE                          ; REG_MUX_bb.v                   ; --            ; --          ; --             ;
; MISC_FILE                          ; LPM_MULT1_bb.v                 ; --            ; --          ; --             ;
; PARTITION_COLOR                    ; 16764057                       ; --            ; --          ; Top            ;
; PARTITION_NETLIST_TYPE             ; SOURCE                         ; --            ; --          ; Top            ;
; USE_GENERATED_PHYSICAL_CONSTRAINTS ; Off                            ; --            ; --          ; eda_blast_fpga ;
+------------------------------------+--------------------------------+---------------+-------------+----------------+


+-----------------------------------------------------------------------------------------------------------------------------+
; Flow Elapsed Time                                                                                                           ;
+-------------------------+--------------+-------------------------+---------------------+------------------------------------+
; Module Name             ; Elapsed Time ; Average Processors Used ; Peak Virtual Memory ; Total CPU Time (on all processors) ;
+-------------------------+--------------+-------------------------+---------------------+------------------------------------+
; Analysis & Synthesis    ; 00:00:04     ; 1.0                     ; 249 MB              ; 00:00:06                           ;
; Fitter                  ; 00:00:02     ; 1.0                     ; 233 MB              ; 00:00:02                           ;
; Assembler               ; 00:00:01     ; 1.0                     ; 208 MB              ; 00:00:01                           ;
; Classic Timing Analyzer ; 00:00:00     ; 1.0                     ; 174 MB              ; 00:00:00                           ;
; Total                   ; 00:00:07     ; --                      ; --                  ; 00:00:09                           ;
+-------------------------+--------------+-------------------------+---------------------+------------------------------------+


+------------------------------------------------------------------------------------------+
; Flow OS Summary                                                                          ;
+-------------------------+------------------+---------------+------------+----------------+
; Module Name             ; Machine Hostname ; OS Name       ; OS Version ; Processor type ;
+-------------------------+------------------+---------------+------------+----------------+
; Analysis & Synthesis    ; Eric-HP          ; Windows Vista ; 6.2        ; x86_64         ;
; Fitter                  ; Eric-HP          ; Windows Vista ; 6.2        ; x86_64         ;
; Assembler               ; Eric-HP          ; Windows Vista ; 6.2        ; x86_64         ;
; Classic Timing Analyzer ; Eric-HP          ; Windows Vista ; 6.2        ; x86_64         ;
+-------------------------+------------------+---------------+------------+----------------+


------------
; Flow Log ;
------------
quartus_map --read_settings_files=on --write_settings_files=off transmult -c transmult
quartus_fit --read_settings_files=off --write_settings_files=off transmult -c transmult
quartus_asm --read_settings_files=off --write_settings_files=off transmult -c transmult
quartus_tan --read_settings_files=off --write_settings_files=off transmult -c transmult --timing_analysis_only



