Analysis & Synthesis report for transmult
Wed Dec 07 12:13:32 2016
Quartus II Version 9.1 Build 304 01/25/2010 Service Pack 1 SJ Web Edition


---------------------
; Table of Contents ;
---------------------
  1. Legal Notice
  2. Analysis & Synthesis Summary
  3. Analysis & Synthesis Settings
  4. Parallel Compilation
  5. Analysis & Synthesis Source Files Read
  6. Analysis & Synthesis Resource Usage Summary
  7. Analysis & Synthesis Resource Utilization by Entity
  8. Registers Removed During Synthesis
  9. General Register Statistics
 10. Multiplexer Restructuring Statistics (Restructuring Performed)
 11. Source assignments for mac:mac2|adder1:inst2|lpm_add_sub:lpm_add_sub_component|addcore:adder
 12. Source assignments for mac:mac1|adder1:inst2|lpm_add_sub:lpm_add_sub_component|addcore:adder
 13. Parameter Settings for User Entity Instance: mac_input_selector:inst11|REG_MUX:mac1_input_a|lpm_mux:lpm_mux_component
 14. Parameter Settings for User Entity Instance: mac_input_selector:inst11|REG_MUX:mac1_input_b|lpm_mux:lpm_mux_component
 15. Parameter Settings for User Entity Instance: mac_input_selector:inst11|REG_MUX:mac2_input_a|lpm_mux:lpm_mux_component
 16. Parameter Settings for User Entity Instance: mac_input_selector:inst11|REG_MUX:mac2_input_b|lpm_mux:lpm_mux_component
 17. Parameter Settings for User Entity Instance: mac:mac2|adder1:inst2|lpm_add_sub:lpm_add_sub_component
 18. Parameter Settings for User Entity Instance: mac:mac2|mult1:inst|lpm_mult:lpm_mult_component
 19. Parameter Settings for User Entity Instance: mac:mac1|adder1:inst2|lpm_add_sub:lpm_add_sub_component
 20. Parameter Settings for User Entity Instance: mac:mac1|mult1:inst|lpm_mult:lpm_mult_component
 21. lpm_mult Parameter Settings by Entity Instance
 22. Analysis & Synthesis Messages
 23. Analysis & Synthesis Suppressed Messages



----------------
; Legal Notice ;
----------------
Copyright (C) 1991-2010 Altera Corporation
Your use of Altera Corporation's design tools, logic functions 
and other software and tools, and its AMPP partner logic 
functions, and any output files from any of the foregoing 
(including device programming or simulation files), and any 
associated documentation or information are expressly subject 
to the terms and conditions of the Altera Program License 
Subscription Agreement, Altera MegaCore Function License 
Agreement, or other applicable license agreement, including, 
without limitation, that your use is for the sole purpose of 
programming logic devices manufactured by Altera and sold by 
Altera or its authorized distributors.  Please refer to the 
applicable agreement for further details.



+----------------------------------------------------------------------------+
; Analysis & Synthesis Summary                                               ;
+-----------------------------+----------------------------------------------+
; Analysis & Synthesis Status ; Successful - Wed Dec 07 12:13:32 2016        ;
; Quartus II Version          ; 9.1 Build 304 01/25/2010 SP 1 SJ Web Edition ;
; Revision Name               ; transmult                                    ;
; Top-level Entity Name       ; transmult                                    ;
; Family                      ; Cyclone                                      ;
; Total logic elements        ; 460                                          ;
; Total pins                  ; 58                                           ;
; Total virtual pins          ; 0                                            ;
; Total memory bits           ; 0                                            ;
; Total PLLs                  ; 0                                            ;
+-----------------------------+----------------------------------------------+


+----------------------------------------------------------------------------------------------------------------------+
; Analysis & Synthesis Settings                                                                                        ;
+----------------------------------------------------------------------------+--------------------+--------------------+
; Option                                                                     ; Setting            ; Default Value      ;
+----------------------------------------------------------------------------+--------------------+--------------------+
; Device                                                                     ; EP1C3T100A8        ;                    ;
; Top-level entity name                                                      ; transmult          ; transmult          ;
; Family name                                                                ; Cyclone            ; Stratix II         ;
; Use Generated Physical Constraints File                                    ; Off                ;                    ;
; Use smart compilation                                                      ; Off                ; Off                ;
; Enable parallel Assembler and TimeQuest Timing Analyzer during compilation ; On                 ; On                 ;
; Enable compact report table                                                ; Off                ; Off                ;
; Restructure Multiplexers                                                   ; Auto               ; Auto               ;
; Create Debugging Nodes for IP Cores                                        ; Off                ; Off                ;
; Preserve fewer node names                                                  ; On                 ; On                 ;
; Disable OpenCore Plus hardware evaluation                                  ; Off                ; Off                ;
; Verilog Version                                                            ; Verilog_2001       ; Verilog_2001       ;
; VHDL Version                                                               ; VHDL_1993          ; VHDL_1993          ;
; State Machine Processing                                                   ; Auto               ; Auto               ;
; Safe State Machine                                                         ; Off                ; Off                ;
; Extract Verilog State Machines                                             ; On                 ; On                 ;
; Extract VHDL State Machines                                                ; On                 ; On                 ;
; Ignore Verilog initial constructs                                          ; Off                ; Off                ;
; Iteration limit for constant Verilog loops                                 ; 5000               ; 5000               ;
; Iteration limit for non-constant Verilog loops                             ; 250                ; 250                ;
; Add Pass-Through Logic to Inferred RAMs                                    ; On                 ; On                 ;
; Parallel Synthesis                                                         ; On                 ; On                 ;
; NOT Gate Push-Back                                                         ; On                 ; On                 ;
; Power-Up Don't Care                                                        ; On                 ; On                 ;
; Remove Redundant Logic Cells                                               ; Off                ; Off                ;
; Remove Duplicate Registers                                                 ; On                 ; On                 ;
; Ignore CARRY Buffers                                                       ; Off                ; Off                ;
; Ignore CASCADE Buffers                                                     ; Off                ; Off                ;
; Ignore GLOBAL Buffers                                                      ; Off                ; Off                ;
; Ignore ROW GLOBAL Buffers                                                  ; Off                ; Off                ;
; Ignore LCELL Buffers                                                       ; Off                ; Off                ;
; Ignore SOFT Buffers                                                        ; On                 ; On                 ;
; Limit AHDL Integers to 32 Bits                                             ; Off                ; Off                ;
; Optimization Technique                                                     ; Balanced           ; Balanced           ;
; Carry Chain Length                                                         ; 70                 ; 70                 ;
; Auto Carry Chains                                                          ; On                 ; On                 ;
; Auto Open-Drain Pins                                                       ; On                 ; On                 ;
; Perform WYSIWYG Primitive Resynthesis                                      ; Off                ; Off                ;
; Auto ROM Replacement                                                       ; On                 ; On                 ;
; Auto RAM Replacement                                                       ; On                 ; On                 ;
; Auto Shift Register Replacement                                            ; Auto               ; Auto               ;
; Auto Clock Enable Replacement                                              ; On                 ; On                 ;
; Strict RAM Replacement                                                     ; Off                ; Off                ;
; Allow Synchronous Control Signals                                          ; On                 ; On                 ;
; Force Use of Synchronous Clear Signals                                     ; Off                ; Off                ;
; Auto RAM Block Balancing                                                   ; On                 ; On                 ;
; Auto RAM to Logic Cell Conversion                                          ; Off                ; Off                ;
; Auto Resource Sharing                                                      ; Off                ; Off                ;
; Allow Any RAM Size For Recognition                                         ; Off                ; Off                ;
; Allow Any ROM Size For Recognition                                         ; Off                ; Off                ;
; Allow Any Shift Register Size For Recognition                              ; Off                ; Off                ;
; Use LogicLock Constraints during Resource Balancing                        ; On                 ; On                 ;
; Ignore translate_off and synthesis_off directives                          ; Off                ; Off                ;
; Show Parameter Settings Tables in Synthesis Report                         ; On                 ; On                 ;
; Ignore Maximum Fan-Out Assignments                                         ; Off                ; Off                ;
; Synchronization Register Chain Length                                      ; 2                  ; 2                  ;
; PowerPlay Power Optimization                                               ; Normal compilation ; Normal compilation ;
; HDL message level                                                          ; Level2             ; Level2             ;
; Suppress Register Optimization Related Messages                            ; Off                ; Off                ;
; Number of Removed Registers Reported in Synthesis Report                   ; 5000               ; 5000               ;
; Number of Inverted Registers Reported in Synthesis Report                  ; 100                ; 100                ;
; Clock MUX Protection                                                       ; On                 ; On                 ;
; Block Design Naming                                                        ; Auto               ; Auto               ;
; Synthesis Effort                                                           ; Auto               ; Auto               ;
; Shift Register Replacement - Allow Asynchronous Clear Signal               ; On                 ; On                 ;
; Analysis & Synthesis Message Level                                         ; Medium             ; Medium             ;
; Disable Register Merging Across Hierarchies                                ; Auto               ; Auto               ;
; Resource Aware Inference For Block RAM                                     ; On                 ; On                 ;
+----------------------------------------------------------------------------+--------------------+--------------------+


Parallel compilation was disabled, but you have multiple processors available. Enable parallel compilation to reduce compilation time.
+-------------------------------------+
; Parallel Compilation                ;
+----------------------------+--------+
; Processors                 ; Number ;
+----------------------------+--------+
; Number detected on machine ; 4      ;
; Maximum allowed            ; 1      ;
+----------------------------+--------+


+---------------------------------------------------------------------------------------------------------------------------------------------------------------------------------+
; Analysis & Synthesis Source Files Read                                                                                                                                          ;
+----------------------------------+-----------------+------------------------------------+---------------------------------------------------------------------------------------+
; File Name with User-Entered Path ; Used in Netlist ; File Type                          ; File Name with Absolute Path                                                          ;
+----------------------------------+-----------------+------------------------------------+---------------------------------------------------------------------------------------+
; reg8bit.v                        ; yes             ; User Verilog HDL File              ; C:/Users/Eric/Documents/Fall 2016/CSE 5387/Project (old)/reg8bit.v                    ;
; mac.bdf                          ; yes             ; User Block Diagram/Schematic File  ; C:/Users/Eric/Documents/Fall 2016/CSE 5387/Project (old)/mac.bdf                      ;
; transmult.bdf                    ; yes             ; User Block Diagram/Schematic File  ; C:/Users/Eric/Documents/Fall 2016/CSE 5387/Project (old)/transmult.bdf                ;
; mult1.v                          ; yes             ; User Wizard-Generated File         ; C:/Users/Eric/Documents/Fall 2016/CSE 5387/Project (old)/mult1.v                      ;
; adder1.v                         ; yes             ; User Wizard-Generated File         ; C:/Users/Eric/Documents/Fall 2016/CSE 5387/Project (old)/adder1.v                     ;
; REG_MUX.v                        ; yes             ; User Wizard-Generated File         ; C:/Users/Eric/Documents/Fall 2016/CSE 5387/Project (old)/REG_MUX.v                    ;
; mac_input_selector.bdf           ; yes             ; User Block Diagram/Schematic File  ; C:/Users/Eric/Documents/Fall 2016/CSE 5387/Project (old)/mac_input_selector.bdf       ;
; controller.v                     ; yes             ; User Verilog HDL File              ; C:/Users/Eric/Documents/Fall 2016/CSE 5387/Project (old)/controller.v                 ;
; matrix_register.v                ; yes             ; User Verilog HDL File              ; C:/Users/Eric/Documents/Fall 2016/CSE 5387/Project (old)/matrix_register.v            ;
; feedback_gate.v                  ; yes             ; User Verilog HDL File              ; C:/Users/Eric/Documents/Fall 2016/CSE 5387/Project (old)/feedback_gate.v              ;
; dcfilter.v                       ; yes             ; User Verilog HDL File              ; C:/Users/Eric/Documents/Fall 2016/CSE 5387/Project (old)/dcfilter.v                   ;
; output_register.v                ; yes             ; User Verilog HDL File              ; C:/Users/Eric/Documents/Fall 2016/CSE 5387/Project (old)/output_register.v            ;
; from_pos_half_cycle_buffer.v     ; yes             ; User Verilog HDL File              ; C:/Users/Eric/Documents/Fall 2016/CSE 5387/Project (old)/from_pos_half_cycle_buffer.v ;
; lpm_mux.tdf                      ; yes             ; Megafunction                       ; c:/altera/91sp1/quartus/libraries/megafunctions/lpm_mux.tdf                           ;
; db/mux_ugc.tdf                   ; yes             ; Auto-Generated Megafunction        ; C:/Users/Eric/Documents/Fall 2016/CSE 5387/Project (old)/db/mux_ugc.tdf               ;
; lpm_add_sub.tdf                  ; yes             ; Megafunction                       ; c:/altera/91sp1/quartus/libraries/megafunctions/lpm_add_sub.tdf                       ;
; addcore.tdf                      ; yes             ; Megafunction                       ; c:/altera/91sp1/quartus/libraries/megafunctions/addcore.tdf                           ;
; a_csnbuffer.tdf                  ; yes             ; Megafunction                       ; c:/altera/91sp1/quartus/libraries/megafunctions/a_csnbuffer.tdf                       ;
; altshift.tdf                     ; yes             ; Megafunction                       ; c:/altera/91sp1/quartus/libraries/megafunctions/altshift.tdf                          ;
; lpm_mult.tdf                     ; yes             ; Megafunction                       ; c:/altera/91sp1/quartus/libraries/megafunctions/lpm_mult.tdf                          ;
; db/mult_o0n.tdf                  ; yes             ; Auto-Generated Megafunction        ; C:/Users/Eric/Documents/Fall 2016/CSE 5387/Project (old)/db/mult_o0n.tdf              ;
+----------------------------------+-----------------+------------------------------------+---------------------------------------------------------------------------------------+


+-----------------------------------------------------+
; Analysis & Synthesis Resource Usage Summary         ;
+---------------------------------------------+-------+
; Resource                                    ; Usage ;
+---------------------------------------------+-------+
; Total logic elements                        ; 460   ;
;     -- Combinational with no register       ; 276   ;
;     -- Register only                        ; 116   ;
;     -- Combinational with a register        ; 68    ;
;                                             ;       ;
; Logic element usage by number of LUT inputs ;       ;
;     -- 4 input functions                    ; 178   ;
;     -- 3 input functions                    ; 111   ;
;     -- 2 input functions                    ; 47    ;
;     -- 1 input functions                    ; 7     ;
;     -- 0 input functions                    ; 1     ;
;                                             ;       ;
; Logic elements by mode                      ;       ;
;     -- normal mode                          ; 384   ;
;     -- arithmetic mode                      ; 76    ;
;     -- qfbk mode                            ; 0     ;
;     -- register cascade mode                ; 0     ;
;     -- synchronous clear/load mode          ; 12    ;
;     -- asynchronous clear/load mode         ; 165   ;
;                                             ;       ;
; Total registers                             ; 184   ;
; Total logic cells in carry chains           ; 85    ;
; I/O pins                                    ; 58    ;
; Maximum fan-out node                        ; clk   ;
; Maximum fan-out                             ; 184   ;
; Total fan-out                               ; 1808  ;
; Average fan-out                             ; 3.49  ;
+---------------------------------------------+-------+


+--------------------------------------------------------------------------------------------------------------------------------------------------------------------------------------------------------------------------------------------------------------------------------------------------------------------------------+
; Analysis & Synthesis Resource Utilization by Entity                                                                                                                                                                                                                                                                            ;
+----------------------------------------------+-------------+--------------+-------------+------+--------------+--------------+-------------------+------------------+-----------------+------------+------------------------------------------------------------------------------------------------------------+--------------+
; Compilation Hierarchy Node                   ; Logic Cells ; LC Registers ; Memory Bits ; Pins ; Virtual Pins ; LUT-Only LCs ; Register-Only LCs ; LUT/Register LCs ; Carry Chain LCs ; Packed LCs ; Full Hierarchy Name                                                                                        ; Library Name ;
+----------------------------------------------+-------------+--------------+-------------+------+--------------+--------------+-------------------+------------------+-----------------+------------+------------------------------------------------------------------------------------------------------------+--------------+
; |transmult                                   ; 460 (1)     ; 184          ; 0           ; 58   ; 0            ; 276 (1)      ; 116 (0)           ; 68 (0)           ; 85 (0)          ; 0 (0)      ; |transmult                                                                                                 ; work         ;
;    |controller:inst2|                        ; 63 (63)     ; 35           ; 0           ; 0    ; 0            ; 28 (28)      ; 1 (1)             ; 34 (34)          ; 12 (12)         ; 0 (0)      ; |transmult|controller:inst2                                                                                ;              ;
;    |from_pos_half_cycle_buffer:inst3|        ; 3 (3)       ; 3            ; 0           ; 0    ; 0            ; 0 (0)        ; 3 (3)             ; 0 (0)            ; 0 (0)           ; 0 (0)      ; |transmult|from_pos_half_cycle_buffer:inst3                                                                ; work         ;
;    |mac:mac2|                                ; 156 (0)     ; 50           ; 0           ; 0    ; 0            ; 106 (0)      ; 16 (0)            ; 34 (0)           ; 73 (0)          ; 0 (0)      ; |transmult|mac:mac2                                                                                        ; work         ;
;       |adder1:inst2|                         ; 16 (0)      ; 0            ; 0           ; 0    ; 0            ; 16 (0)       ; 0 (0)             ; 0 (0)            ; 16 (0)          ; 0 (0)      ; |transmult|mac:mac2|adder1:inst2                                                                           ; work         ;
;          |lpm_add_sub:lpm_add_sub_component| ; 16 (0)      ; 0            ; 0           ; 0    ; 0            ; 16 (0)       ; 0 (0)             ; 0 (0)            ; 16 (0)          ; 0 (0)      ; |transmult|mac:mac2|adder1:inst2|lpm_add_sub:lpm_add_sub_component                                         ; work         ;
;             |addcore:adder|                  ; 16 (0)      ; 0            ; 0           ; 0    ; 0            ; 16 (0)       ; 0 (0)             ; 0 (0)            ; 16 (0)          ; 0 (0)      ; |transmult|mac:mac2|adder1:inst2|lpm_add_sub:lpm_add_sub_component|addcore:adder                           ; work         ;
;                |a_csnbuffer:result_node|     ; 16 (16)     ; 0            ; 0           ; 0    ; 0            ; 16 (16)      ; 0 (0)             ; 0 (0)            ; 16 (16)         ; 0 (0)      ; |transmult|mac:mac2|adder1:inst2|lpm_add_sub:lpm_add_sub_component|addcore:adder|a_csnbuffer:result_node   ; work         ;
;       |dcfilter:inst3|                       ; 16 (16)     ; 16           ; 0           ; 0    ; 0            ; 0 (0)        ; 0 (0)             ; 16 (16)          ; 16 (16)         ; 0 (0)      ; |transmult|mac:mac2|dcfilter:inst3                                                                         ; work         ;
;       |feedback_gate:inst1|                  ; 39 (39)     ; 34           ; 0           ; 0    ; 0            ; 5 (5)        ; 16 (16)           ; 18 (18)          ; 0 (0)           ; 0 (0)      ; |transmult|mac:mac2|feedback_gate:inst1                                                                    ; work         ;
;       |mult1:inst|                           ; 85 (0)      ; 0            ; 0           ; 0    ; 0            ; 85 (0)       ; 0 (0)             ; 0 (0)            ; 41 (0)          ; 0 (0)      ; |transmult|mac:mac2|mult1:inst                                                                             ; work         ;
;          |lpm_mult:lpm_mult_component|       ; 85 (0)      ; 0            ; 0           ; 0    ; 0            ; 85 (0)       ; 0 (0)             ; 0 (0)            ; 41 (0)          ; 0 (0)      ; |transmult|mac:mac2|mult1:inst|lpm_mult:lpm_mult_component                                                 ; work         ;
;             |mult_o0n:auto_generated|        ; 85 (85)     ; 0            ; 0           ; 0    ; 0            ; 85 (85)      ; 0 (0)             ; 0 (0)            ; 41 (41)         ; 0 (0)      ; |transmult|mac:mac2|mult1:inst|lpm_mult:lpm_mult_component|mult_o0n:auto_generated                         ; work         ;
;    |mac_input_selector:inst11|               ; 141 (0)     ; 0            ; 0           ; 0    ; 0            ; 141 (0)      ; 0 (0)             ; 0 (0)            ; 0 (0)           ; 0 (0)      ; |transmult|mac_input_selector:inst11                                                                       ;              ;
;       |REG_MUX:mac2_input_a|                 ; 73 (0)      ; 0            ; 0           ; 0    ; 0            ; 73 (0)       ; 0 (0)             ; 0 (0)            ; 0 (0)           ; 0 (0)      ; |transmult|mac_input_selector:inst11|REG_MUX:mac2_input_a                                                  ; work         ;
;          |lpm_mux:lpm_mux_component|         ; 73 (0)      ; 0            ; 0           ; 0    ; 0            ; 73 (0)       ; 0 (0)             ; 0 (0)            ; 0 (0)           ; 0 (0)      ; |transmult|mac_input_selector:inst11|REG_MUX:mac2_input_a|lpm_mux:lpm_mux_component                        ; work         ;
;             |mux_ugc:auto_generated|         ; 73 (73)     ; 0            ; 0           ; 0    ; 0            ; 73 (73)      ; 0 (0)             ; 0 (0)            ; 0 (0)           ; 0 (0)      ; |transmult|mac_input_selector:inst11|REG_MUX:mac2_input_a|lpm_mux:lpm_mux_component|mux_ugc:auto_generated ; work         ;
;       |REG_MUX:mac2_input_b|                 ; 68 (0)      ; 0            ; 0           ; 0    ; 0            ; 68 (0)       ; 0 (0)             ; 0 (0)            ; 0 (0)           ; 0 (0)      ; |transmult|mac_input_selector:inst11|REG_MUX:mac2_input_b                                                  ; work         ;
;          |lpm_mux:lpm_mux_component|         ; 68 (0)      ; 0            ; 0           ; 0    ; 0            ; 68 (0)       ; 0 (0)             ; 0 (0)            ; 0 (0)           ; 0 (0)      ; |transmult|mac_input_selector:inst11|REG_MUX:mac2_input_b|lpm_mux:lpm_mux_component                        ; work         ;
;             |mux_ugc:auto_generated|         ; 68 (68)     ; 0            ; 0           ; 0    ; 0            ; 68 (68)      ; 0 (0)             ; 0 (0)            ; 0 (0)           ; 0 (0)      ; |transmult|mac_input_selector:inst11|REG_MUX:mac2_input_b|lpm_mux:lpm_mux_component|mux_ugc:auto_generated ; work         ;
;    |matrix_register:inst|                    ; 96 (0)      ; 96           ; 0           ; 0    ; 0            ; 0 (0)        ; 96 (0)            ; 0 (0)            ; 0 (0)           ; 0 (0)      ; |transmult|matrix_register:inst                                                                            ; work         ;
;       |reg8bit:a11|                          ; 8 (8)       ; 8            ; 0           ; 0    ; 0            ; 0 (0)        ; 8 (8)             ; 0 (0)            ; 0 (0)           ; 0 (0)      ; |transmult|matrix_register:inst|reg8bit:a11                                                                ; work         ;
;       |reg8bit:a12|                          ; 8 (8)       ; 8            ; 0           ; 0    ; 0            ; 0 (0)        ; 8 (8)             ; 0 (0)            ; 0 (0)           ; 0 (0)      ; |transmult|matrix_register:inst|reg8bit:a12                                                                ; work         ;
;       |reg8bit:a13|                          ; 8 (8)       ; 8            ; 0           ; 0    ; 0            ; 0 (0)        ; 8 (8)             ; 0 (0)            ; 0 (0)           ; 0 (0)      ; |transmult|matrix_register:inst|reg8bit:a13                                                                ; work         ;
;       |reg8bit:a14|                          ; 8 (8)       ; 8            ; 0           ; 0    ; 0            ; 0 (0)        ; 8 (8)             ; 0 (0)            ; 0 (0)           ; 0 (0)      ; |transmult|matrix_register:inst|reg8bit:a14                                                                ; work         ;
;       |reg8bit:a21|                          ; 8 (8)       ; 8            ; 0           ; 0    ; 0            ; 0 (0)        ; 8 (8)             ; 0 (0)            ; 0 (0)           ; 0 (0)      ; |transmult|matrix_register:inst|reg8bit:a21                                                                ; work         ;
;       |reg8bit:a22|                          ; 8 (8)       ; 8            ; 0           ; 0    ; 0            ; 0 (0)        ; 8 (8)             ; 0 (0)            ; 0 (0)           ; 0 (0)      ; |transmult|matrix_register:inst|reg8bit:a22                                                                ; work         ;
;       |reg8bit:a23|                          ; 8 (8)       ; 8            ; 0           ; 0    ; 0            ; 0 (0)        ; 8 (8)             ; 0 (0)            ; 0 (0)           ; 0 (0)      ; |transmult|matrix_register:inst|reg8bit:a23                                                                ; work         ;
;       |reg8bit:a24|                          ; 8 (8)       ; 8            ; 0           ; 0    ; 0            ; 0 (0)        ; 8 (8)             ; 0 (0)            ; 0 (0)           ; 0 (0)      ; |transmult|matrix_register:inst|reg8bit:a24                                                                ; work         ;
;       |reg8bit:a31|                          ; 8 (8)       ; 8            ; 0           ; 0    ; 0            ; 0 (0)        ; 8 (8)             ; 0 (0)            ; 0 (0)           ; 0 (0)      ; |transmult|matrix_register:inst|reg8bit:a31                                                                ; work         ;
;       |reg8bit:a32|                          ; 8 (8)       ; 8            ; 0           ; 0    ; 0            ; 0 (0)        ; 8 (8)             ; 0 (0)            ; 0 (0)           ; 0 (0)      ; |transmult|matrix_register:inst|reg8bit:a32                                                                ; work         ;
;       |reg8bit:a33|                          ; 8 (8)       ; 8            ; 0           ; 0    ; 0            ; 0 (0)        ; 8 (8)             ; 0 (0)            ; 0 (0)           ; 0 (0)      ; |transmult|matrix_register:inst|reg8bit:a33                                                                ; work         ;
;       |reg8bit:a34|                          ; 8 (8)       ; 8            ; 0           ; 0    ; 0            ; 0 (0)        ; 8 (8)             ; 0 (0)            ; 0 (0)           ; 0 (0)      ; |transmult|matrix_register:inst|reg8bit:a34                                                                ; work         ;
+----------------------------------------------+-------------+--------------+-------------+------+--------------+--------------+-------------------+------------------+-----------------+------------+------------------------------------------------------------------------------------------------------------+--------------+
Note: For table entries with two numbers listed, the numbers in parentheses indicate the number of resources of the given type used by the specific entity alone. The numbers listed outside of parentheses indicate the total resources of the given type used by the specific entity and all of its sub-entities in the hierarchy.


+-----------------------------------------------------------------------------------+
; Registers Removed During Synthesis                                                ;
+---------------------------------------+-------------------------------------------+
; Register name                         ; Reason for Removal                        ;
+---------------------------------------+-------------------------------------------+
; controller:inst2|mac2b_sel[0]         ; Merged with controller:inst2|mac2a_sel[0] ;
; Total Number of Removed Registers = 1 ;                                           ;
+---------------------------------------+-------------------------------------------+


+------------------------------------------------------+
; General Register Statistics                          ;
+----------------------------------------------+-------+
; Statistic                                    ; Value ;
+----------------------------------------------+-------+
; Total registers                              ; 184   ;
; Number of registers using Synchronous Clear  ; 12    ;
; Number of registers using Synchronous Load   ; 0     ;
; Number of registers using Asynchronous Clear ; 165   ;
; Number of registers using Asynchronous Load  ; 7     ;
; Number of registers using Clock Enable       ; 124   ;
; Number of registers using Preset             ; 0     ;
+----------------------------------------------+-------+


+------------------------------------------------------------------------------------------------------------------------------------------------------------------+
; Multiplexer Restructuring Statistics (Restructuring Performed)                                                                                                   ;
+--------------------+-----------+---------------+----------------------+------------------------+------------+----------------------------------------------------+
; Multiplexer Inputs ; Bus Width ; Baseline Area ; Area if Restructured ; Saving if Restructured ; Registered ; Example Multiplexer Output                         ;
+--------------------+-----------+---------------+----------------------+------------------------+------------+----------------------------------------------------+
; 3:1                ; 2 bits    ; 4 LEs         ; 2 LEs                ; 2 LEs                  ; Yes        ; |transmult|mac:mac2|feedback_gate:inst1|counter[0] ;
; 3:1                ; 6 bits    ; 12 LEs        ; 6 LEs                ; 6 LEs                  ; Yes        ; |transmult|controller:inst2|mac_output_counter[5]  ;
+--------------------+-----------+---------------+----------------------+------------------------+------------+----------------------------------------------------+


+----------------------------------------------------------------------------------------------+
; Source assignments for mac:mac2|adder1:inst2|lpm_add_sub:lpm_add_sub_component|addcore:adder ;
+---------------------------+-------+------+---------------------------------------------------+
; Assignment                ; Value ; From ; To                                                ;
+---------------------------+-------+------+---------------------------------------------------+
; SUPPRESS_DA_RULE_INTERNAL ; A103  ; -    ; -                                                 ;
+---------------------------+-------+------+---------------------------------------------------+


+----------------------------------------------------------------------------------------------+
; Source assignments for mac:mac1|adder1:inst2|lpm_add_sub:lpm_add_sub_component|addcore:adder ;
+---------------------------+-------+------+---------------------------------------------------+
; Assignment                ; Value ; From ; To                                                ;
+---------------------------+-------+------+---------------------------------------------------+
; SUPPRESS_DA_RULE_INTERNAL ; A103  ; -    ; -                                                 ;
+---------------------------+-------+------+---------------------------------------------------+


+-----------------------------------------------------------------------------------------------------------------------+
; Parameter Settings for User Entity Instance: mac_input_selector:inst11|REG_MUX:mac1_input_a|lpm_mux:lpm_mux_component ;
+------------------------+---------+------------------------------------------------------------------------------------+
; Parameter Name         ; Value   ; Type                                                                               ;
+------------------------+---------+------------------------------------------------------------------------------------+
; AUTO_CARRY_CHAINS      ; ON      ; AUTO_CARRY                                                                         ;
; IGNORE_CARRY_BUFFERS   ; OFF     ; IGNORE_CARRY                                                                       ;
; AUTO_CASCADE_CHAINS    ; ON      ; AUTO_CASCADE                                                                       ;
; IGNORE_CASCADE_BUFFERS ; OFF     ; IGNORE_CASCADE                                                                     ;
; LPM_WIDTH              ; 8       ; Signed Integer                                                                     ;
; LPM_SIZE               ; 12      ; Signed Integer                                                                     ;
; LPM_WIDTHS             ; 4       ; Signed Integer                                                                     ;
; LPM_PIPELINE           ; 0       ; Untyped                                                                            ;
; CBXI_PARAMETER         ; mux_ugc ; Untyped                                                                            ;
; DEVICE_FAMILY          ; Cyclone ; Untyped                                                                            ;
+------------------------+---------+------------------------------------------------------------------------------------+
Note: In order to hide this table in the UI and the text report file, please set the "Show Parameter Settings Tables in Synthesis Report" option in "Analysis and Synthesis Settings -> More Settings" to "Off".


+-----------------------------------------------------------------------------------------------------------------------+
; Parameter Settings for User Entity Instance: mac_input_selector:inst11|REG_MUX:mac1_input_b|lpm_mux:lpm_mux_component ;
+------------------------+---------+------------------------------------------------------------------------------------+
; Parameter Name         ; Value   ; Type                                                                               ;
+------------------------+---------+------------------------------------------------------------------------------------+
; AUTO_CARRY_CHAINS      ; ON      ; AUTO_CARRY                                                                         ;
; IGNORE_CARRY_BUFFERS   ; OFF     ; IGNORE_CARRY                                                                       ;
; AUTO_CASCADE_CHAINS    ; ON      ; AUTO_CASCADE                                                                       ;
; IGNORE_CASCADE_BUFFERS ; OFF     ; IGNORE_CASCADE                                                                     ;
; LPM_WIDTH              ; 8       ; Signed Integer                                                                     ;
; LPM_SIZE               ; 12      ; Signed Integer                                                                     ;
; LPM_WIDTHS             ; 4       ; Signed Integer                                                                     ;
; LPM_PIPELINE           ; 0       ; Untyped                                                                            ;
; CBXI_PARAMETER         ; mux_ugc ; Untyped                                                                            ;
; DEVICE_FAMILY          ; Cyclone ; Untyped                                                                            ;
+------------------------+---------+------------------------------------------------------------------------------------+
Note: In order to hide this table in the UI and the text report file, please set the "Show Parameter Settings Tables in Synthesis Report" option in "Analysis and Synthesis Settings -> More Settings" to "Off".


+-----------------------------------------------------------------------------------------------------------------------+
; Parameter Settings for User Entity Instance: mac_input_selector:inst11|REG_MUX:mac2_input_a|lpm_mux:lpm_mux_component ;
+------------------------+---------+------------------------------------------------------------------------------------+
; Parameter Name         ; Value   ; Type                                                                               ;
+------------------------+---------+------------------------------------------------------------------------------------+
; AUTO_CARRY_CHAINS      ; ON      ; AUTO_CARRY                                                                         ;
; IGNORE_CARRY_BUFFERS   ; OFF     ; IGNORE_CARRY                                                                       ;
; AUTO_CASCADE_CHAINS    ; ON      ; AUTO_CASCADE                                                                       ;
; IGNORE_CASCADE_BUFFERS ; OFF     ; IGNORE_CASCADE                                                                     ;
; LPM_WIDTH              ; 8       ; Signed Integer                                                                     ;
; LPM_SIZE               ; 12      ; Signed Integer                                                                     ;
; LPM_WIDTHS             ; 4       ; Signed Integer                                                                     ;
; LPM_PIPELINE           ; 0       ; Untyped                                                                            ;
; CBXI_PARAMETER         ; mux_ugc ; Untyped                                                                            ;
; DEVICE_FAMILY          ; Cyclone ; Untyped                                                                            ;
+------------------------+---------+------------------------------------------------------------------------------------+
Note: In order to hide this table in the UI and the text report file, please set the "Show Parameter Settings Tables in Synthesis Report" option in "Analysis and Synthesis Settings -> More Settings" to "Off".


+-----------------------------------------------------------------------------------------------------------------------+
; Parameter Settings for User Entity Instance: mac_input_selector:inst11|REG_MUX:mac2_input_b|lpm_mux:lpm_mux_component ;
+------------------------+---------+------------------------------------------------------------------------------------+
; Parameter Name         ; Value   ; Type                                                                               ;
+------------------------+---------+------------------------------------------------------------------------------------+
; AUTO_CARRY_CHAINS      ; ON      ; AUTO_CARRY                                                                         ;
; IGNORE_CARRY_BUFFERS   ; OFF     ; IGNORE_CARRY                                                                       ;
; AUTO_CASCADE_CHAINS    ; ON      ; AUTO_CASCADE                                                                       ;
; IGNORE_CASCADE_BUFFERS ; OFF     ; IGNORE_CASCADE                                                                     ;
; LPM_WIDTH              ; 8       ; Signed Integer                                                                     ;
; LPM_SIZE               ; 12      ; Signed Integer                                                                     ;
; LPM_WIDTHS             ; 4       ; Signed Integer                                                                     ;
; LPM_PIPELINE           ; 0       ; Untyped                                                                            ;
; CBXI_PARAMETER         ; mux_ugc ; Untyped                                                                            ;
; DEVICE_FAMILY          ; Cyclone ; Untyped                                                                            ;
+------------------------+---------+------------------------------------------------------------------------------------+
Note: In order to hide this table in the UI and the text report file, please set the "Show Parameter Settings Tables in Synthesis Report" option in "Analysis and Synthesis Settings -> More Settings" to "Off".


+------------------------------------------------------------------------------------------------------+
; Parameter Settings for User Entity Instance: mac:mac2|adder1:inst2|lpm_add_sub:lpm_add_sub_component ;
+------------------------+-------------+---------------------------------------------------------------+
; Parameter Name         ; Value       ; Type                                                          ;
+------------------------+-------------+---------------------------------------------------------------+
; LPM_WIDTH              ; 16          ; Signed Integer                                                ;
; LPM_REPRESENTATION     ; UNSIGNED    ; Untyped                                                       ;
; LPM_DIRECTION          ; ADD         ; Untyped                                                       ;
; ONE_INPUT_IS_CONSTANT  ; NO          ; Untyped                                                       ;
; LPM_PIPELINE           ; 0           ; Untyped                                                       ;
; MAXIMIZE_SPEED         ; 5           ; Untyped                                                       ;
; REGISTERED_AT_END      ; 0           ; Untyped                                                       ;
; OPTIMIZE_FOR_SPEED     ; 5           ; Untyped                                                       ;
; USE_CS_BUFFERS         ; 1           ; Untyped                                                       ;
; CARRY_CHAIN            ; MANUAL      ; Untyped                                                       ;
; CARRY_CHAIN_LENGTH     ; 48          ; CARRY_CHAIN_LENGTH                                            ;
; DEVICE_FAMILY          ; Cyclone     ; Untyped                                                       ;
; USE_WYS                ; OFF         ; Untyped                                                       ;
; STYLE                  ; FAST        ; Untyped                                                       ;
; CBXI_PARAMETER         ; add_sub_9eh ; Untyped                                                       ;
; AUTO_CARRY_CHAINS      ; ON          ; AUTO_CARRY                                                    ;
; IGNORE_CARRY_BUFFERS   ; OFF         ; IGNORE_CARRY                                                  ;
; AUTO_CASCADE_CHAINS    ; ON          ; AUTO_CASCADE                                                  ;
; IGNORE_CASCADE_BUFFERS ; OFF         ; IGNORE_CASCADE                                                ;
+------------------------+-------------+---------------------------------------------------------------+
Note: In order to hide this table in the UI and the text report file, please set the "Show Parameter Settings Tables in Synthesis Report" option in "Analysis and Synthesis Settings -> More Settings" to "Off".


+----------------------------------------------------------------------------------------------+
; Parameter Settings for User Entity Instance: mac:mac2|mult1:inst|lpm_mult:lpm_mult_component ;
+------------------------------------------------+----------+----------------------------------+
; Parameter Name                                 ; Value    ; Type                             ;
+------------------------------------------------+----------+----------------------------------+
; AUTO_CARRY_CHAINS                              ; ON       ; AUTO_CARRY                       ;
; IGNORE_CARRY_BUFFERS                           ; OFF      ; IGNORE_CARRY                     ;
; AUTO_CASCADE_CHAINS                            ; ON       ; AUTO_CASCADE                     ;
; IGNORE_CASCADE_BUFFERS                         ; OFF      ; IGNORE_CASCADE                   ;
; LPM_WIDTHA                                     ; 8        ; Signed Integer                   ;
; LPM_WIDTHB                                     ; 8        ; Signed Integer                   ;
; LPM_WIDTHP                                     ; 16       ; Signed Integer                   ;
; LPM_WIDTHR                                     ; 0        ; Untyped                          ;
; LPM_WIDTHS                                     ; 1        ; Untyped                          ;
; LPM_REPRESENTATION                             ; UNSIGNED ; Untyped                          ;
; LPM_PIPELINE                                   ; 0        ; Untyped                          ;
; LATENCY                                        ; 0        ; Untyped                          ;
; INPUT_A_IS_CONSTANT                            ; NO       ; Untyped                          ;
; INPUT_B_IS_CONSTANT                            ; NO       ; Untyped                          ;
; USE_EAB                                        ; OFF      ; Untyped                          ;
; MAXIMIZE_SPEED                                 ; 5        ; Untyped                          ;
; DEVICE_FAMILY                                  ; Cyclone  ; Untyped                          ;
; CARRY_CHAIN                                    ; MANUAL   ; Untyped                          ;
; APEX20K_TECHNOLOGY_MAPPER                      ; LUT      ; TECH_MAPPER_APEX20K              ;
; DEDICATED_MULTIPLIER_CIRCUITRY                 ; AUTO     ; Untyped                          ;
; DEDICATED_MULTIPLIER_MIN_INPUT_WIDTH_FOR_AUTO  ; 0        ; Untyped                          ;
; DEDICATED_MULTIPLIER_MIN_OUTPUT_WIDTH_FOR_AUTO ; 0        ; Untyped                          ;
; CBXI_PARAMETER                                 ; mult_o0n ; Untyped                          ;
; INPUT_A_FIXED_VALUE                            ; Bx       ; Untyped                          ;
; INPUT_B_FIXED_VALUE                            ; Bx       ; Untyped                          ;
; USE_AHDL_IMPLEMENTATION                        ; OFF      ; Untyped                          ;
+------------------------------------------------+----------+----------------------------------+
Note: In order to hide this table in the UI and the text report file, please set the "Show Parameter Settings Tables in Synthesis Report" option in "Analysis and Synthesis Settings -> More Settings" to "Off".


+------------------------------------------------------------------------------------------------------+
; Parameter Settings for User Entity Instance: mac:mac1|adder1:inst2|lpm_add_sub:lpm_add_sub_component ;
+------------------------+-------------+---------------------------------------------------------------+
; Parameter Name         ; Value       ; Type                                                          ;
+------------------------+-------------+---------------------------------------------------------------+
; LPM_WIDTH              ; 16          ; Signed Integer                                                ;
; LPM_REPRESENTATION     ; UNSIGNED    ; Untyped                                                       ;
; LPM_DIRECTION          ; ADD         ; Untyped                                                       ;
; ONE_INPUT_IS_CONSTANT  ; NO          ; Untyped                                                       ;
; LPM_PIPELINE           ; 0           ; Untyped                                                       ;
; MAXIMIZE_SPEED         ; 5           ; Untyped                                                       ;
; REGISTERED_AT_END      ; 0           ; Untyped                                                       ;
; OPTIMIZE_FOR_SPEED     ; 5           ; Untyped                                                       ;
; USE_CS_BUFFERS         ; 1           ; Untyped                                                       ;
; CARRY_CHAIN            ; MANUAL      ; Untyped                                                       ;
; CARRY_CHAIN_LENGTH     ; 48          ; CARRY_CHAIN_LENGTH                                            ;
; DEVICE_FAMILY          ; Cyclone     ; Untyped                                                       ;
; USE_WYS                ; OFF         ; Untyped                                                       ;
; STYLE                  ; FAST        ; Untyped                                                       ;
; CBXI_PARAMETER         ; add_sub_9eh ; Untyped                                                       ;
; AUTO_CARRY_CHAINS      ; ON          ; AUTO_CARRY                                                    ;
; IGNORE_CARRY_BUFFERS   ; OFF         ; IGNORE_CARRY                                                  ;
; AUTO_CASCADE_CHAINS    ; ON          ; AUTO_CASCADE                                                  ;
; IGNORE_CASCADE_BUFFERS ; OFF         ; IGNORE_CASCADE                                                ;
+------------------------+-------------+---------------------------------------------------------------+
Note: In order to hide this table in the UI and the text report file, please set the "Show Parameter Settings Tables in Synthesis Report" option in "Analysis and Synthesis Settings -> More Settings" to "Off".


+----------------------------------------------------------------------------------------------+
; Parameter Settings for User Entity Instance: mac:mac1|mult1:inst|lpm_mult:lpm_mult_component ;
+------------------------------------------------+----------+----------------------------------+
; Parameter Name                                 ; Value    ; Type                             ;
+------------------------------------------------+----------+----------------------------------+
; AUTO_CARRY_CHAINS                              ; ON       ; AUTO_CARRY                       ;
; IGNORE_CARRY_BUFFERS                           ; OFF      ; IGNORE_CARRY                     ;
; AUTO_CASCADE_CHAINS                            ; ON       ; AUTO_CASCADE                     ;
; IGNORE_CASCADE_BUFFERS                         ; OFF      ; IGNORE_CASCADE                   ;
; LPM_WIDTHA                                     ; 8        ; Signed Integer                   ;
; LPM_WIDTHB                                     ; 8        ; Signed Integer                   ;
; LPM_WIDTHP                                     ; 16       ; Signed Integer                   ;
; LPM_WIDTHR                                     ; 0        ; Untyped                          ;
; LPM_WIDTHS                                     ; 1        ; Untyped                          ;
; LPM_REPRESENTATION                             ; UNSIGNED ; Untyped                          ;
; LPM_PIPELINE                                   ; 0        ; Untyped                          ;
; LATENCY                                        ; 0        ; Untyped                          ;
; INPUT_A_IS_CONSTANT                            ; NO       ; Untyped                          ;
; INPUT_B_IS_CONSTANT                            ; NO       ; Untyped                          ;
; USE_EAB                                        ; OFF      ; Untyped                          ;
; MAXIMIZE_SPEED                                 ; 5        ; Untyped                          ;
; DEVICE_FAMILY                                  ; Cyclone  ; Untyped                          ;
; CARRY_CHAIN                                    ; MANUAL   ; Untyped                          ;
; APEX20K_TECHNOLOGY_MAPPER                      ; LUT      ; TECH_MAPPER_APEX20K              ;
; DEDICATED_MULTIPLIER_CIRCUITRY                 ; AUTO     ; Untyped                          ;
; DEDICATED_MULTIPLIER_MIN_INPUT_WIDTH_FOR_AUTO  ; 0        ; Untyped                          ;
; DEDICATED_MULTIPLIER_MIN_OUTPUT_WIDTH_FOR_AUTO ; 0        ; Untyped                          ;
; CBXI_PARAMETER                                 ; mult_o0n ; Untyped                          ;
; INPUT_A_FIXED_VALUE                            ; Bx       ; Untyped                          ;
; INPUT_B_FIXED_VALUE                            ; Bx       ; Untyped                          ;
; USE_AHDL_IMPLEMENTATION                        ; OFF      ; Untyped                          ;
+------------------------------------------------+----------+----------------------------------+
Note: In order to hide this table in the UI and the text report file, please set the "Show Parameter Settings Tables in Synthesis Report" option in "Analysis and Synthesis Settings -> More Settings" to "Off".


+-----------------------------------------------------------------------------------------+
; lpm_mult Parameter Settings by Entity Instance                                          ;
+---------------------------------------+-------------------------------------------------+
; Name                                  ; Value                                           ;
+---------------------------------------+-------------------------------------------------+
; Number of entity instances            ; 2                                               ;
; Entity Instance                       ; mac:mac2|mult1:inst|lpm_mult:lpm_mult_component ;
;     -- LPM_WIDTHA                     ; 8                                               ;
;     -- LPM_WIDTHB                     ; 8                                               ;
;     -- LPM_WIDTHP                     ; 16                                              ;
;     -- LPM_REPRESENTATION             ; UNSIGNED                                        ;
;     -- INPUT_A_IS_CONSTANT            ; NO                                              ;
;     -- INPUT_B_IS_CONSTANT            ; NO                                              ;
;     -- USE_EAB                        ; OFF                                             ;
;     -- DEDICATED_MULTIPLIER_CIRCUITRY ; AUTO                                            ;
;     -- INPUT_A_FIXED_VALUE            ; Bx                                              ;
;     -- INPUT_B_FIXED_VALUE            ; Bx                                              ;
; Entity Instance                       ; mac:mac1|mult1:inst|lpm_mult:lpm_mult_component ;
;     -- LPM_WIDTHA                     ; 8                                               ;
;     -- LPM_WIDTHB                     ; 8                                               ;
;     -- LPM_WIDTHP                     ; 16                                              ;
;     -- LPM_REPRESENTATION             ; UNSIGNED                                        ;
;     -- INPUT_A_IS_CONSTANT            ; NO                                              ;
;     -- INPUT_B_IS_CONSTANT            ; NO                                              ;
;     -- USE_EAB                        ; OFF                                             ;
;     -- DEDICATED_MULTIPLIER_CIRCUITRY ; AUTO                                            ;
;     -- INPUT_A_FIXED_VALUE            ; Bx                                              ;
;     -- INPUT_B_FIXED_VALUE            ; Bx                                              ;
+---------------------------------------+-------------------------------------------------+


+-------------------------------+
; Analysis & Synthesis Messages ;
+-------------------------------+
Info: *******************************************************************
Info: Running Quartus II Analysis & Synthesis
    Info: Version 9.1 Build 304 01/25/2010 Service Pack 1 SJ Web Edition
    Info: Processing started: Wed Dec 07 12:13:28 2016
Info: Command: quartus_map --read_settings_files=on --write_settings_files=off transmult -c transmult
Info: Found 1 design units, including 1 entities, in source file reg8bit.v
    Info: Found entity 1: reg8bit
Info: Found 1 design units, including 1 entities, in source file mac.bdf
    Info: Found entity 1: mac
Info: Found 1 design units, including 1 entities, in source file transmult.bdf
    Info: Found entity 1: transmult
Info: Found 1 design units, including 1 entities, in source file mult1.v
    Info: Found entity 1: mult1
Info: Found 1 design units, including 1 entities, in source file dff1.v
    Info: Found entity 1: dff1
Info: Found 1 design units, including 1 entities, in source file adder1.v
    Info: Found entity 1: adder1
Info: Found 1 design units, including 1 entities, in source file reg_mux.v
    Info: Found entity 1: REG_MUX
Info: Found 1 design units, including 1 entities, in source file mac_input_selector.bdf
    Info: Found entity 1: mac_input_selector
Info: Found 1 design units, including 1 entities, in source file controller.v
    Info: Found entity 1: controller
Info: Found 1 design units, including 1 entities, in source file matrix_register.v
    Info: Found entity 1: matrix_register
Info: Found 1 design units, including 1 entities, in source file feedback_gate.v
    Info: Found entity 1: feedback_gate
Info: Found 1 design units, including 1 entities, in source file lpm_mult1.v
    Info: Found entity 1: LPM_MULT1
Info: Found 1 design units, including 1 entities, in source file dcfilter.v
    Info: Found entity 1: dcfilter
Info: Found 1 design units, including 1 entities, in source file output_register.v
    Info: Found entity 1: output_register
Info: Found 1 design units, including 1 entities, in source file from_pos_half_cycle_buffer.v
    Info: Found entity 1: from_pos_half_cycle_buffer
Info: Elaborating entity "transmult" for the top level hierarchy
Info: Elaborating entity "controller" for hierarchy "controller:inst2"
Warning (10036): Verilog HDL or VHDL warning at controller.v(13): object "reading" assigned a value but never read
Info: Elaborating entity "from_pos_half_cycle_buffer" for hierarchy "from_pos_half_cycle_buffer:inst3"
Info: Elaborating entity "mac_input_selector" for hierarchy "mac_input_selector:inst11"
Info: Elaborating entity "REG_MUX" for hierarchy "mac_input_selector:inst11|REG_MUX:mac1_input_a"
Info: Elaborating entity "lpm_mux" for hierarchy "mac_input_selector:inst11|REG_MUX:mac1_input_a|lpm_mux:lpm_mux_component"
Info: Elaborated megafunction instantiation "mac_input_selector:inst11|REG_MUX:mac1_input_a|lpm_mux:lpm_mux_component"
Info: Instantiated megafunction "mac_input_selector:inst11|REG_MUX:mac1_input_a|lpm_mux:lpm_mux_component" with the following parameter:
    Info: Parameter "lpm_size" = "12"
    Info: Parameter "lpm_type" = "LPM_MUX"
    Info: Parameter "lpm_width" = "8"
    Info: Parameter "lpm_widths" = "4"
Info: Found 1 design units, including 1 entities, in source file db/mux_ugc.tdf
    Info: Found entity 1: mux_ugc
Info: Elaborating entity "mux_ugc" for hierarchy "mac_input_selector:inst11|REG_MUX:mac1_input_a|lpm_mux:lpm_mux_component|mux_ugc:auto_generated"
Info: Elaborating entity "matrix_register" for hierarchy "matrix_register:inst"
Info: Elaborating entity "reg8bit" for hierarchy "matrix_register:inst|reg8bit:a11"
Info: Elaborating entity "mac" for hierarchy "mac:mac2"
Info: Elaborating entity "feedback_gate" for hierarchy "mac:mac2|feedback_gate:inst1"
Info: Elaborating entity "adder1" for hierarchy "mac:mac2|adder1:inst2"
Info: Elaborating entity "lpm_add_sub" for hierarchy "mac:mac2|adder1:inst2|lpm_add_sub:lpm_add_sub_component"
Info: Elaborated megafunction instantiation "mac:mac2|adder1:inst2|lpm_add_sub:lpm_add_sub_component"
Info: Instantiated megafunction "mac:mac2|adder1:inst2|lpm_add_sub:lpm_add_sub_component" with the following parameter:
    Info: Parameter "lpm_direction" = "ADD"
    Info: Parameter "lpm_hint" = "ONE_INPUT_IS_CONSTANT=NO,CIN_USED=NO"
    Info: Parameter "lpm_representation" = "UNSIGNED"
    Info: Parameter "lpm_type" = "LPM_ADD_SUB"
    Info: Parameter "lpm_width" = "16"
Info: Elaborating entity "addcore" for hierarchy "mac:mac2|adder1:inst2|lpm_add_sub:lpm_add_sub_component|addcore:adder"
Info: Elaborated megafunction instantiation "mac:mac2|adder1:inst2|lpm_add_sub:lpm_add_sub_component|addcore:adder", which is child of megafunction instantiation "mac:mac2|adder1:inst2|lpm_add_sub:lpm_add_sub_component"
Info: Elaborating entity "a_csnbuffer" for hierarchy "mac:mac2|adder1:inst2|lpm_add_sub:lpm_add_sub_component|addcore:adder|a_csnbuffer:oflow_node"
Info: Elaborated megafunction instantiation "mac:mac2|adder1:inst2|lpm_add_sub:lpm_add_sub_component|addcore:adder|a_csnbuffer:oflow_node", which is child of megafunction instantiation "mac:mac2|adder1:inst2|lpm_add_sub:lpm_add_sub_component"
Info: Elaborating entity "a_csnbuffer" for hierarchy "mac:mac2|adder1:inst2|lpm_add_sub:lpm_add_sub_component|addcore:adder|a_csnbuffer:result_node"
Info: Elaborated megafunction instantiation "mac:mac2|adder1:inst2|lpm_add_sub:lpm_add_sub_component|addcore:adder|a_csnbuffer:result_node", which is child of megafunction instantiation "mac:mac2|adder1:inst2|lpm_add_sub:lpm_add_sub_component"
Info: Elaborating entity "altshift" for hierarchy "mac:mac2|adder1:inst2|lpm_add_sub:lpm_add_sub_component|altshift:result_ext_latency_ffs"
Info: Elaborated megafunction instantiation "mac:mac2|adder1:inst2|lpm_add_sub:lpm_add_sub_component|altshift:result_ext_latency_ffs", which is child of megafunction instantiation "mac:mac2|adder1:inst2|lpm_add_sub:lpm_add_sub_component"
Info: Elaborating entity "altshift" for hierarchy "mac:mac2|adder1:inst2|lpm_add_sub:lpm_add_sub_component|altshift:carry_ext_latency_ffs"
Info: Elaborated megafunction instantiation "mac:mac2|adder1:inst2|lpm_add_sub:lpm_add_sub_component|altshift:carry_ext_latency_ffs", which is child of megafunction instantiation "mac:mac2|adder1:inst2|lpm_add_sub:lpm_add_sub_component"
Info: Elaborating entity "dcfilter" for hierarchy "mac:mac2|dcfilter:inst3"
Info: Elaborating entity "mult1" for hierarchy "mac:mac2|mult1:inst"
Info: Elaborating entity "lpm_mult" for hierarchy "mac:mac2|mult1:inst|lpm_mult:lpm_mult_component"
Info: Elaborated megafunction instantiation "mac:mac2|mult1:inst|lpm_mult:lpm_mult_component"
Info: Instantiated megafunction "mac:mac2|mult1:inst|lpm_mult:lpm_mult_component" with the following parameter:
    Info: Parameter "lpm_hint" = "MAXIMIZE_SPEED=5"
    Info: Parameter "lpm_representation" = "UNSIGNED"
    Info: Parameter "lpm_type" = "LPM_MULT"
    Info: Parameter "lpm_widtha" = "8"
    Info: Parameter "lpm_widthb" = "8"
    Info: Parameter "lpm_widthp" = "16"
Info: Found 1 design units, including 1 entities, in source file db/mult_o0n.tdf
    Info: Found entity 1: mult_o0n
Info: Elaborating entity "mult_o0n" for hierarchy "mac:mac2|mult1:inst|lpm_mult:lpm_mult_component|mult_o0n:auto_generated"
Info: Elaborating entity "output_register" for hierarchy "output_register:inst1"
Info: Ignored 146 buffer(s)
    Info: Ignored 146 SOFT buffer(s)
Info: Ignored 84 buffer(s)
    Info: Ignored 84 SOFT buffer(s)
Info: Generated suppressed messages file C:/Users/Eric/Documents/Fall 2016/CSE 5387/Project (old)/transmult.map.smsg
Info: Implemented 518 device resources after synthesis - the final resource count might be different
    Info: Implemented 11 input pins
    Info: Implemented 47 output pins
    Info: Implemented 460 logic cells
Info: Quartus II Analysis & Synthesis was successful. 0 errors, 1 warning
    Info: Peak virtual memory: 249 megabytes
    Info: Processing ended: Wed Dec 07 12:13:32 2016
    Info: Elapsed time: 00:00:04
    Info: Total CPU time (on all processors): 00:00:06


+------------------------------------------+
; Analysis & Synthesis Suppressed Messages ;
+------------------------------------------+
The suppressed messages can be found in C:/Users/Eric/Documents/Fall 2016/CSE 5387/Project (old)/transmult.map.smsg.


